<?xml version="1.0" encoding="UTF-8"?>
<testsuite xmlns:xsi="http://www.w3.org/2001/XMLSchema-instance" xsi:noNamespaceSchemaLocation="https://maven.apache.org/surefire/maven-failsafe-plugin/xsd/failsafe-test-report.xsd" name="io.quarkus.workshop.superheroes.hero.NativeHeroResourceIT" time="19.209" tests="10" errors="0" skipped="0" failures="6">
  <properties>
    <property name="gopherProxySet" value="false"/>
    <property name="awt.toolkit" value="sun.lwawt.macosx.LWCToolkit"/>
    <property name="java.specification.version" value="11"/>
    <property name="sun.cpu.isalist" value=""/>
    <property name="sun.jnu.encoding" value="UTF-8"/>
    <property name="native.image.path" value="/Users/nag/Desktop/quarkus-ibm/quarkus-workshop/super-heroes/rest-hero/target/rest-hero-01-runner"/>
    <property name="java.class.path" value="/Users/nag/Desktop/quarkus-ibm/quarkus-workshop/super-heroes/rest-hero/target/test-classes:/Users/nag/Desktop/quarkus-ibm/quarkus-workshop/super-heroes/rest-hero/target/rest-hero-01.jar:/Users/nag/.m2/repository/io/quarkus/quarkus-resteasy/1.2.0.Final/quarkus-resteasy-1.2.0.Final.jar:/Users/nag/.m2/repository/io/quarkus/quarkus-vertx-http/1.2.0.Final/quarkus-vertx-http-1.2.0.Final.jar:/Users/nag/.m2/repository/io/quarkus/security/quarkus-security/1.0.1.Final/quarkus-security-1.0.1.Final.jar:/Users/nag/.m2/repository/jakarta/enterprise/jakarta.enterprise.cdi-api/2.0.2/jakarta.enterprise.cdi-api-2.0.2.jar:/Users/nag/.m2/repository/jakarta/el/jakarta.el-api/3.0.3/jakarta.el-api-3.0.3.jar:/Users/nag/.m2/repository/jakarta/interceptor/jakarta.interceptor-api/1.2.5/jakarta.interceptor-api-1.2.5.jar:/Users/nag/.m2/repository/io/quarkus/quarkus-vertx-core/1.2.0.Final/quarkus-vertx-core-1.2.0.Final.jar:/Users/nag/.m2/repository/io/quarkus/quarkus-netty/1.2.0.Final/quarkus-netty-1.2.0.Final.jar:/Users/nag/.m2/repository/io/netty/netty-codec/4.1.42.Final/netty-codec-4.1.42.Final.jar:/Users/nag/.m2/repository/io/netty/netty-handler/4.1.42.Final/netty-handler-4.1.42.Final.jar:/Users/nag/.m2/repository/io/vertx/vertx-core/3.8.4/vertx-core-3.8.4.jar:/Users/nag/.m2/repository/io/netty/netty-common/4.1.42.Final/netty-common-4.1.42.Final.jar:/Users/nag/.m2/repository/io/netty/netty-buffer/4.1.42.Final/netty-buffer-4.1.42.Final.jar:/Users/nag/.m2/repository/io/netty/netty-transport/4.1.42.Final/netty-transport-4.1.42.Final.jar:/Users/nag/.m2/repository/io/netty/netty-handler-proxy/4.1.42.Final/netty-handler-proxy-4.1.42.Final.jar:/Users/nag/.m2/repository/io/netty/netty-codec-socks/4.1.42.Final/netty-codec-socks-4.1.42.Final.jar:/Users/nag/.m2/repository/io/netty/netty-codec-http/4.1.42.Final/netty-codec-http-4.1.42.Final.jar:/Users/nag/.m2/repository/io/netty/netty-codec-http2/4.1.42.Final/netty-codec-http2-4.1.42.Final.jar:/Users/nag/.m2/repository/io/netty/netty-resolver/4.1.42.Final/netty-resolver-4.1.42.Final.jar:/Users/nag/.m2/repository/io/netty/netty-resolver-dns/4.1.42.Final/netty-resolver-dns-4.1.42.Final.jar:/Users/nag/.m2/repository/io/netty/netty-codec-dns/4.1.42.Final/netty-codec-dns-4.1.42.Final.jar:/Users/nag/.m2/repository/io/vertx/vertx-web/3.8.4/vertx-web-3.8.4.jar:/Users/nag/.m2/repository/io/vertx/vertx-web-common/3.8.4/vertx-web-common-3.8.4.jar:/Users/nag/.m2/repository/io/vertx/vertx-auth-common/3.8.4/vertx-auth-common-3.8.4.jar:/Users/nag/.m2/repository/io/vertx/vertx-bridge-common/3.8.4/vertx-bridge-common-3.8.4.jar:/Users/nag/.m2/repository/io/quarkus/quarkus-resteasy-server-common/1.2.0.Final/quarkus-resteasy-server-common-1.2.0.Final.jar:/Users/nag/.m2/repository/io/quarkus/quarkus-resteasy-common/1.2.0.Final/quarkus-resteasy-common-1.2.0.Final.jar:/Users/nag/.m2/repository/org/jboss/resteasy/resteasy-core/4.4.2.Final/resteasy-core-4.4.2.Final.jar:/Users/nag/.m2/repository/org/jboss/spec/javax/ws/rs/jboss-jaxrs-api_2.1_spec/2.0.1.Final/jboss-jaxrs-api_2.1_spec-2.0.1.Final.jar:/Users/nag/.m2/repository/org/jboss/resteasy/resteasy-core-spi/4.4.2.Final/resteasy-core-spi-4.4.2.Final.jar:/Users/nag/.m2/repository/org/reactivestreams/reactive-streams/1.0.3/reactive-streams-1.0.3.jar:/Users/nag/.m2/repository/com/sun/activation/jakarta.activation/1.2.1/jakarta.activation-1.2.1.jar:/Users/nag/.m2/repository/jakarta/validation/jakarta.validation-api/2.0.2/jakarta.validation-api-2.0.2.jar:/Users/nag/.m2/repository/io/quarkus/quarkus-resteasy-jsonb/1.2.0.Final/quarkus-resteasy-jsonb-1.2.0.Final.jar:/Users/nag/.m2/repository/io/quarkus/quarkus-jsonb/1.2.0.Final/quarkus-jsonb-1.2.0.Final.jar:/Users/nag/.m2/repository/org/eclipse/yasson/1.0.6/yasson-1.0.6.jar:/Users/nag/.m2/repository/org/jboss/resteasy/resteasy-json-binding-provider/4.4.2.Final/resteasy-json-binding-provider-4.4.2.Final.jar:/Users/nag/.m2/repository/org/glassfish/jakarta.json/1.1.6/jakarta.json-1.1.6.jar:/Users/nag/.m2/repository/jakarta/json/bind/jakarta.json.bind-api/1.0.2/jakarta.json.bind-api-1.0.2.jar:/Users/nag/.m2/repository/org/jboss/logging/jboss-logging/3.3.2.Final/jboss-logging-3.3.2.Final.jar:/Users/nag/.m2/repository/org/jboss/resteasy/resteasy-json-p-provider/4.4.2.Final/resteasy-json-p-provider-4.4.2.Final.jar:/Users/nag/.m2/repository/commons-io/commons-io/2.6/commons-io-2.6.jar:/Users/nag/.m2/repository/io/quarkus/quarkus-hibernate-orm-panache/1.2.0.Final/quarkus-hibernate-orm-panache-1.2.0.Final.jar:/Users/nag/.m2/repository/io/quarkus/quarkus-core/1.2.0.Final/quarkus-core-1.2.0.Final.jar:/Users/nag/.m2/repository/jakarta/annotation/jakarta.annotation-api/1.3.5/jakarta.annotation-api-1.3.5.jar:/Users/nag/.m2/repository/io/smallrye/config/smallrye-config/1.5.1/smallrye-config-1.5.1.jar:/Users/nag/.m2/repository/io/smallrye/config/smallrye-config-common/1.5.1/smallrye-config-common-1.5.1.jar:/Users/nag/.m2/repository/org/jboss/logmanager/jboss-logmanager-embedded/1.0.4/jboss-logmanager-embedded-1.0.4.jar:/Users/nag/.m2/repository/org/jboss/logging/jboss-logging-annotations/2.1.0.Final/jboss-logging-annotations-2.1.0.Final.jar:/Users/nag/.m2/repository/org/jboss/threads/jboss-threads/3.0.0.Final/jboss-threads-3.0.0.Final.jar:/Users/nag/.m2/repository/org/slf4j/slf4j-api/1.7.29/slf4j-api-1.7.29.jar:/Users/nag/.m2/repository/org/jboss/slf4j/slf4j-jboss-logging/1.2.0.Final/slf4j-jboss-logging-1.2.0.Final.jar:/Users/nag/.m2/repository/org/graalvm/sdk/graal-sdk/19.2.1/graal-sdk-19.2.1.jar:/Users/nag/.m2/repository/org/wildfly/common/wildfly-common/1.5.0.Final-format-001/wildfly-common-1.5.0.Final-format-001.jar:/Users/nag/.m2/repository/io/quarkus/quarkus-hibernate-orm/1.2.0.Final/quarkus-hibernate-orm-1.2.0.Final.jar:/Users/nag/.m2/repository/io/quarkus/quarkus-agroal/1.2.0.Final/quarkus-agroal-1.2.0.Final.jar:/Users/nag/.m2/repository/org/jboss/narayana/jta/narayana-jta/5.10.0.Final/narayana-jta-5.10.0.Final.jar:/Users/nag/.m2/repository/org/jboss/jboss-transaction-spi/7.6.0.Final/jboss-transaction-spi-7.6.0.Final.jar:/Users/nag/.m2/repository/org/jboss/spec/javax/resource/jboss-connector-api_1.7_spec/1.0.0.Final/jboss-connector-api_1.7_spec-1.0.0.Final.jar:/Users/nag/.m2/repository/org/jboss/narayana/jts/narayana-jts-integration/5.10.0.Final/narayana-jts-integration-5.10.0.Final.jar:/Users/nag/.m2/repository/io/agroal/agroal-api/1.7/agroal-api-1.7.jar:/Users/nag/.m2/repository/io/agroal/agroal-narayana/1.7/agroal-narayana-1.7.jar:/Users/nag/.m2/repository/io/agroal/agroal-pool/1.7/agroal-pool-1.7.jar:/Users/nag/.m2/repository/io/quarkus/quarkus-vault-spi/1.2.0.Final/quarkus-vault-spi-1.2.0.Final.jar:/Users/nag/.m2/repository/io/quarkus/quarkus-narayana-jta/1.2.0.Final/quarkus-narayana-jta-1.2.0.Final.jar:/Users/nag/.m2/repository/io/smallrye/reactive/smallrye-reactive-streams-operators/1.0.10/smallrye-reactive-streams-operators-1.0.10.jar:/Users/nag/.m2/repository/org/eclipse/microprofile/reactive-streams-operators/microprofile-reactive-streams-operators-api/1.0/microprofile-reactive-streams-operators-api-1.0.jar:/Users/nag/.m2/repository/org/eclipse/microprofile/reactive-streams-operators/microprofile-reactive-streams-operators-core/1.0/microprofile-reactive-streams-operators-core-1.0.jar:/Users/nag/.m2/repository/io/reactivex/rxjava2/rxjava/2.2.17/rxjava-2.2.17.jar:/Users/nag/.m2/repository/io/smallrye/smallrye-context-propagation-jta/1.0.11/smallrye-context-propagation-jta-1.0.11.jar:/Users/nag/.m2/repository/io/smallrye/reactive/smallrye-reactive-converter-api/1.0.10/smallrye-reactive-converter-api-1.0.10.jar:/Users/nag/.m2/repository/org/hibernate/hibernate-core/5.4.10.Final/hibernate-core-5.4.10.Final.jar:/Users/nag/.m2/repository/net/bytebuddy/byte-buddy/1.10.2/byte-buddy-1.10.2.jar:/Users/nag/.m2/repository/antlr/antlr/2.7.7/antlr-2.7.7.jar:/Users/nag/.m2/repository/org/dom4j/dom4j/2.1.1/dom4j-2.1.1.jar:/Users/nag/.m2/repository/org/hibernate/common/hibernate-commons-annotations/5.1.0.Final/hibernate-commons-annotations-5.1.0.Final.jar:/Users/nag/.m2/repository/org/glassfish/jaxb/jaxb-runtime/2.3.3-b01/jaxb-runtime-2.3.3-b01.jar:/Users/nag/.m2/repository/org/glassfish/jaxb/txw2/2.3.3-b01/txw2-2.3.3-b01.jar:/Users/nag/.m2/repository/com/sun/istack/istack-commons-runtime/3.0.10/istack-commons-runtime-3.0.10.jar:/Users/nag/.m2/repository/org/jboss/spec/javax/xml/bind/jboss-jaxb-api_2.3_spec/2.0.0.Final/jboss-jaxb-api_2.3_spec-2.0.0.Final.jar:/Users/nag/.m2/repository/jakarta/persistence/jakarta.persistence-api/2.2.3/jakarta.persistence-api-2.2.3.jar:/Users/nag/.m2/repository/jakarta/transaction/jakarta.transaction-api/1.3.3/jakarta.transaction-api-1.3.3.jar:/Users/nag/.m2/repository/org/hibernate/quarkus-local-cache/0.1.0/quarkus-local-cache-0.1.0.jar:/Users/nag/.m2/repository/com/github/ben-manes/caffeine/caffeine/2.8.0/caffeine-2.8.0.jar:/Users/nag/.m2/repository/org/checkerframework/checker-qual/2.5.2/checker-qual-2.5.2.jar:/Users/nag/.m2/repository/com/google/errorprone/error_prone_annotations/2.2.0/error_prone_annotations-2.2.0.jar:/Users/nag/.m2/repository/io/quarkus/quarkus-caffeine/1.2.0.Final/quarkus-caffeine-1.2.0.Final.jar:/Users/nag/.m2/repository/io/quarkus/quarkus-arc/1.2.0.Final/quarkus-arc-1.2.0.Final.jar:/Users/nag/.m2/repository/io/quarkus/arc/arc/1.2.0.Final/arc-1.2.0.Final.jar:/Users/nag/.m2/repository/org/eclipse/microprofile/context-propagation/microprofile-context-propagation-api/1.0.1/microprofile-context-propagation-api-1.0.1.jar:/Users/nag/.m2/repository/io/quarkus/quarkus-panache-common/1.2.0.Final/quarkus-panache-common-1.2.0.Final.jar:/Users/nag/.m2/repository/io/quarkus/quarkus-jdbc-postgresql/1.2.0.Final/quarkus-jdbc-postgresql-1.2.0.Final.jar:/Users/nag/.m2/repository/org/postgresql/postgresql/42.2.9/postgresql-42.2.9.jar:/Users/nag/.m2/repository/io/quarkus/quarkus-hibernate-validator/1.2.0.Final/quarkus-hibernate-validator-1.2.0.Final.jar:/Users/nag/.m2/repository/org/hibernate/validator/hibernate-validator/6.1.1.Final/hibernate-validator-6.1.1.Final.jar:/Users/nag/.m2/repository/com/fasterxml/classmate/1.3.4/classmate-1.3.4.jar:/Users/nag/.m2/repository/org/glassfish/jakarta.el/3.0.3/jakarta.el-3.0.3.jar:/Users/nag/.m2/repository/io/quarkus/quarkus-smallrye-openapi/1.2.0.Final/quarkus-smallrye-openapi-1.2.0.Final.jar:/Users/nag/.m2/repository/io/smallrye/smallrye-open-api/1.1.20/smallrye-open-api-1.1.20.jar:/Users/nag/.m2/repository/org/eclipse/microprofile/openapi/microprofile-openapi-api/1.1.2/microprofile-openapi-api-1.1.2.jar:/Users/nag/.m2/repository/org/eclipse/microprofile/config/microprofile-config-api/1.3/microprofile-config-api-1.3.jar:/Users/nag/.m2/repository/com/fasterxml/jackson/dataformat/jackson-dataformat-yaml/2.10.2/jackson-dataformat-yaml-2.10.2.jar:/Users/nag/.m2/repository/org/yaml/snakeyaml/1.25/snakeyaml-1.25.jar:/Users/nag/.m2/repository/org/jboss/jandex/2.1.2.Final/jandex-2.1.2.Final.jar:/Users/nag/.m2/repository/org/jboss/shrinkwrap/shrinkwrap-api/1.2.6/shrinkwrap-api-1.2.6.jar:/Users/nag/.m2/repository/io/quarkus/quarkus-swagger-ui/1.2.0.Final/quarkus-swagger-ui-1.2.0.Final.jar:/Users/nag/.m2/repository/io/quarkus/quarkus-smallrye-health/1.2.0.Final/quarkus-smallrye-health-1.2.0.Final.jar:/Users/nag/.m2/repository/io/smallrye/smallrye-health/2.1.0/smallrye-health-2.1.0.jar:/Users/nag/.m2/repository/org/eclipse/microprofile/health/microprofile-health-api/2.1/microprofile-health-api-2.1.jar:/Users/nag/.m2/repository/jakarta/inject/jakarta.inject-api/1.0/jakarta.inject-api-1.0.jar:/Users/nag/.m2/repository/io/quarkus/quarkus-jsonp/1.2.0.Final/quarkus-jsonp-1.2.0.Final.jar:/Users/nag/.m2/repository/io/quarkus/quarkus-smallrye-metrics/1.2.0.Final/quarkus-smallrye-metrics-1.2.0.Final.jar:/Users/nag/.m2/repository/io/smallrye/smallrye-metrics/2.3.2/smallrye-metrics-2.3.2.jar:/Users/nag/.m2/repository/org/eclipse/microprofile/metrics/microprofile-metrics-api/2.2.1/microprofile-metrics-api-2.2.1.jar:/Users/nag/.m2/repository/io/quarkus/quarkus-junit5/1.2.0.Final/quarkus-junit5-1.2.0.Final.jar:/Users/nag/.m2/repository/io/quarkus/quarkus-bootstrap-core/1.2.0.Final/quarkus-bootstrap-core-1.2.0.Final.jar:/Users/nag/.m2/repository/org/apache/maven/maven-embedder/3.5.4/maven-embedder-3.5.4.jar:/Users/nag/.m2/repository/org/apache/maven/maven-settings/3.5.4/maven-settings-3.5.4.jar:/Users/nag/.m2/repository/org/apache/maven/maven-core/3.5.4/maven-core-3.5.4.jar:/Users/nag/.m2/repository/org/apache/maven/maven-artifact/3.5.4/maven-artifact-3.5.4.jar:/Users/nag/.m2/repository/org/apache/maven/maven-plugin-api/3.5.4/maven-plugin-api-3.5.4.jar:/Users/nag/.m2/repository/org/apache/maven/maven-model/3.5.4/maven-model-3.5.4.jar:/Users/nag/.m2/repository/org/apache/maven/maven-model-builder/3.5.4/maven-model-builder-3.5.4.jar:/Users/nag/.m2/repository/org/apache/maven/maven-builder-support/3.5.4/maven-builder-support-3.5.4.jar:/Users/nag/.m2/repository/org/apache/maven/resolver/maven-resolver-api/1.1.1/maven-resolver-api-1.1.1.jar:/Users/nag/.m2/repository/org/apache/maven/resolver/maven-resolver-util/1.1.1/maven-resolver-util-1.1.1.jar:/Users/nag/.m2/repository/org/apache/maven/shared/maven-shared-utils/3.2.1/maven-shared-utils-3.2.1.jar:/Users/nag/.m2/repository/com/google/inject/guice/4.2.0/guice-4.2.0-no_aop.jar:/Users/nag/.m2/repository/aopalliance/aopalliance/1.0/aopalliance-1.0.jar:/Users/nag/.m2/repository/com/google/guava/guava/27.0.1-jre/guava-27.0.1-jre.jar:/Users/nag/.m2/repository/com/google/guava/failureaccess/1.0.1/failureaccess-1.0.1.jar:/Users/nag/.m2/repository/com/google/guava/listenablefuture/9999.0-empty-to-avoid-conflict-with-guava/listenablefuture-9999.0-empty-to-avoid-conflict-with-guava.jar:/Users/nag/.m2/repository/com/google/code/findbugs/jsr305/3.0.2/jsr305-3.0.2.jar:/Users/nag/.m2/repository/com/google/j2objc/j2objc-annotations/1.1/j2objc-annotations-1.1.jar:/Users/nag/.m2/repository/org/codehaus/mojo/animal-sniffer-annotations/1.17/animal-sniffer-annotations-1.17.jar:/Users/nag/.m2/repository/org/codehaus/plexus/plexus-utils/3.0.24/plexus-utils-3.0.24.jar:/Users/nag/.m2/repository/org/codehaus/plexus/plexus-classworlds/2.5.2/plexus-classworlds-2.5.2.jar:/Users/nag/.m2/repository/org/eclipse/sisu/org.eclipse.sisu.plexus/0.3.3/org.eclipse.sisu.plexus-0.3.3.jar:/Users/nag/.m2/repository/org/codehaus/plexus/plexus-component-annotations/1.7.1/plexus-component-annotations-1.7.1.jar:/Users/nag/.m2/repository/commons-cli/commons-cli/1.4/commons-cli-1.4.jar:/Users/nag/.m2/repository/org/apache/maven/maven-settings-builder/3.5.4/maven-settings-builder-3.5.4.jar:/Users/nag/.m2/repository/org/codehaus/plexus/plexus-interpolation/1.24/plexus-interpolation-1.24.jar:/Users/nag/.m2/repository/org/sonatype/plexus/plexus-sec-dispatcher/1.4/plexus-sec-dispatcher-1.4.jar:/Users/nag/.m2/repository/org/sonatype/plexus/plexus-cipher/1.4/plexus-cipher-1.4.jar:/Users/nag/.m2/repository/org/apache/maven/maven-resolver-provider/3.5.4/maven-resolver-provider-3.5.4.jar:/Users/nag/.m2/repository/org/apache/maven/maven-repository-metadata/3.5.4/maven-repository-metadata-3.5.4.jar:/Users/nag/.m2/repository/org/apache/maven/resolver/maven-resolver-spi/1.1.1/maven-resolver-spi-1.1.1.jar:/Users/nag/.m2/repository/org/apache/maven/resolver/maven-resolver-impl/1.1.1/maven-resolver-impl-1.1.1.jar:/Users/nag/.m2/repository/org/apache/maven/resolver/maven-resolver-connector-basic/1.1.1/maven-resolver-connector-basic-1.1.1.jar:/Users/nag/.m2/repository/org/apache/maven/resolver/maven-resolver-transport-wagon/1.1.1/maven-resolver-transport-wagon-1.1.1.jar:/Users/nag/.m2/repository/org/apache/maven/wagon/wagon-provider-api/3.0.0/wagon-provider-api-3.0.0.jar:/Users/nag/.m2/repository/org/apache/maven/wagon/wagon-http/3.0.0/wagon-http-3.0.0.jar:/Users/nag/.m2/repository/org/apache/maven/wagon/wagon-http-shared/3.0.0/wagon-http-shared-3.0.0.jar:/Users/nag/.m2/repository/org/jsoup/jsoup/1.7.2/jsoup-1.7.2.jar:/Users/nag/.m2/repository/org/apache/maven/wagon/wagon-file/3.0.0/wagon-file-3.0.0.jar:/Users/nag/.m2/repository/org/jboss/logging/commons-logging-jboss-logging/1.0.0.Final/commons-logging-jboss-logging-1.0.0.Final.jar:/Users/nag/.m2/repository/io/quarkus/quarkus-test-common/1.2.0.Final/quarkus-test-common-1.2.0.Final.jar:/Users/nag/.m2/repository/io/quarkus/quarkus-core-deployment/1.2.0.Final/quarkus-core-deployment-1.2.0.Final.jar:/Users/nag/.m2/repository/io/quarkus/gizmo/gizmo/1.0.1.Final/gizmo-1.0.1.Final.jar:/Users/nag/.m2/repository/org/ow2/asm/asm-util/7.1/asm-util-7.1.jar:/Users/nag/.m2/repository/org/ow2/asm/asm-tree/7.1/asm-tree-7.1.jar:/Users/nag/.m2/repository/org/ow2/asm/asm-analysis/7.1/asm-analysis-7.1.jar:/Users/nag/.m2/repository/org/ow2/asm/asm/7.1/asm-7.1.jar:/Users/nag/.m2/repository/io/quarkus/quarkus-builder/1.2.0.Final/quarkus-builder-1.2.0.Final.jar:/Users/nag/.m2/repository/io/quarkus/quarkus-jsonp-deployment/1.2.0.Final/quarkus-jsonp-deployment-1.2.0.Final.jar:/Users/nag/.m2/repository/org/junit/jupiter/junit-jupiter/5.5.2/junit-jupiter-5.5.2.jar:/Users/nag/.m2/repository/org/junit/jupiter/junit-jupiter-params/5.5.2/junit-jupiter-params-5.5.2.jar:/Users/nag/.m2/repository/org/junit/jupiter/junit-jupiter-engine/5.5.2/junit-jupiter-engine-5.5.2.jar:/Users/nag/.m2/repository/org/junit/platform/junit-platform-engine/1.5.2/junit-platform-engine-1.5.2.jar:/Users/nag/.m2/repository/io/rest-assured/rest-assured/4.1.2/rest-assured-4.1.2.jar:/Users/nag/.m2/repository/org/codehaus/groovy/groovy/2.5.8/groovy-2.5.8.jar:/Users/nag/.m2/repository/org/codehaus/groovy/groovy-xml/2.5.8/groovy-xml-2.5.8.jar:/Users/nag/.m2/repository/org/apache/httpcomponents/httpclient/4.5.10/httpclient-4.5.10.jar:/Users/nag/.m2/repository/org/apache/httpcomponents/httpcore/4.4.13/httpcore-4.4.13.jar:/Users/nag/.m2/repository/commons-codec/commons-codec/1.13/commons-codec-1.13.jar:/Users/nag/.m2/repository/org/apache/httpcomponents/httpmime/4.5.3/httpmime-4.5.3.jar:/Users/nag/.m2/repository/org/hamcrest/hamcrest/2.1/hamcrest-2.1.jar:/Users/nag/.m2/repository/org/ccil/cowan/tagsoup/tagsoup/1.2.1/tagsoup-1.2.1.jar:/Users/nag/.m2/repository/io/rest-assured/json-path/4.1.2/json-path-4.1.2.jar:/Users/nag/.m2/repository/org/codehaus/groovy/groovy-json/2.5.8/groovy-json-2.5.8.jar:/Users/nag/.m2/repository/io/rest-assured/rest-assured-common/4.1.2/rest-assured-common-4.1.2.jar:/Users/nag/.m2/repository/io/rest-assured/xml-path/4.1.2/xml-path-4.1.2.jar:/Users/nag/.m2/repository/org/apache/commons/commons-lang3/3.9/commons-lang3-3.9.jar:/Users/nag/.m2/repository/javax/xml/bind/jaxb-api/2.3.1/jaxb-api-2.3.1.jar:/Users/nag/.m2/repository/org/apache/sling/org.apache.sling.javax.activation/0.1.0/org.apache.sling.javax.activation-0.1.0.jar:/Users/nag/.m2/repository/com/fasterxml/jackson/core/jackson-databind/2.10.2/jackson-databind-2.10.2.jar:/Users/nag/.m2/repository/com/fasterxml/jackson/core/jackson-annotations/2.10.2/jackson-annotations-2.10.2.jar:/Users/nag/.m2/repository/com/fasterxml/jackson/core/jackson-core/2.10.2/jackson-core-2.10.2.jar:/Users/nag/.m2/repository/org/testcontainers/junit-jupiter/1.12.2/junit-jupiter-1.12.2.jar:/Users/nag/.m2/repository/org/testcontainers/testcontainers/1.12.4/testcontainers-1.12.4.jar:/Users/nag/.m2/repository/junit/junit/4.12/junit-4.12.jar:/Users/nag/.m2/repository/org/hamcrest/hamcrest-core/1.3/hamcrest-core-1.3.jar:/Users/nag/.m2/repository/org/jetbrains/annotations/17.0.0/annotations-17.0.0.jar:/Users/nag/.m2/repository/javax/annotation/javax.annotation-api/1.3.2/javax.annotation-api-1.3.2.jar:/Users/nag/.m2/repository/org/apache/commons/commons-compress/1.19/commons-compress-1.19.jar:/Users/nag/.m2/repository/org/rnorth/duct-tape/duct-tape/1.0.8/duct-tape-1.0.8.jar:/Users/nag/.m2/repository/org/rnorth/visible-assertions/visible-assertions/2.1.2/visible-assertions-2.1.2.jar:/Users/nag/.m2/repository/org/rnorth/tcp-unix-socket-proxy/1.0.2/tcp-unix-socket-proxy-1.0.2.jar:/Users/nag/.m2/repository/com/kohlschutter/junixsocket/junixsocket-native-common/2.0.4/junixsocket-native-common-2.0.4.jar:/Users/nag/.m2/repository/org/scijava/native-lib-loader/2.0.2/native-lib-loader-2.0.2.jar:/Users/nag/.m2/repository/com/kohlschutter/junixsocket/junixsocket-common/2.0.4/junixsocket-common-2.0.4.jar:/Users/nag/.m2/repository/net/java/dev/jna/jna-platform/5.5.0/jna-platform-5.5.0.jar:/Users/nag/.m2/repository/net/java/dev/jna/jna/5.3.1/jna-5.3.1.jar:/Users/nag/.m2/repository/org/junit/jupiter/junit-jupiter-api/5.5.2/junit-jupiter-api-5.5.2.jar:/Users/nag/.m2/repository/org/apiguardian/apiguardian-api/1.1.0/apiguardian-api-1.1.0.jar:/Users/nag/.m2/repository/org/opentest4j/opentest4j/1.2.0/opentest4j-1.2.0.jar:/Users/nag/.m2/repository/org/junit/platform/junit-platform-commons/1.5.2/junit-platform-commons-1.5.2.jar:/Users/nag/.m2/repository/org/testcontainers/postgresql/1.12.2/postgresql-1.12.2.jar:/Users/nag/.m2/repository/org/testcontainers/jdbc/1.12.2/jdbc-1.12.2.jar:/Users/nag/.m2/repository/org/testcontainers/database-commons/1.12.2/database-commons-1.12.2.jar:"/>
    <property name="java.vm.vendor" value="GraalVM Community"/>
    <property name="sun.arch.data.model" value="64"/>
    <property name="java.vendor.url" value="https://www.graalvm.org/"/>
    <property name="user.timezone" value=""/>
    <property name="java.vm.specification.version" value="11"/>
    <property name="os.name" value="Mac OS X"/>
    <property name="sun.java.launcher" value="SUN_STANDARD"/>
    <property name="user.country" value="IN"/>
    <property name="sun.boot.library.path" value="/Library/Java/JavaVirtualMachines/graalvm-ce-java11-20.1.0/Contents/Home/lib"/>
    <property name="sun.java.command" value="/Users/nag/Desktop/quarkus-ibm/quarkus-workshop/super-heroes/rest-hero/target/surefire/surefirebooter4790597174192151827.jar /Users/nag/Desktop/quarkus-ibm/quarkus-workshop/super-heroes/rest-hero/target/surefire 2020-07-07T11-19-54_431-jvmRun1 surefire13245811814936726468tmp surefire_04044841263837961100tmp"/>
    <property name="http.nonProxyHosts" value="local|*.local|169.254/16|*.169.254/16"/>
    <property name="jdk.debug" value="release"/>
    <property name="surefire.test.class.path" value="/Users/nag/Desktop/quarkus-ibm/quarkus-workshop/super-heroes/rest-hero/target/test-classes:/Users/nag/Desktop/quarkus-ibm/quarkus-workshop/super-heroes/rest-hero/target/rest-hero-01.jar:/Users/nag/.m2/repository/io/quarkus/quarkus-resteasy/1.2.0.Final/quarkus-resteasy-1.2.0.Final.jar:/Users/nag/.m2/repository/io/quarkus/quarkus-vertx-http/1.2.0.Final/quarkus-vertx-http-1.2.0.Final.jar:/Users/nag/.m2/repository/io/quarkus/security/quarkus-security/1.0.1.Final/quarkus-security-1.0.1.Final.jar:/Users/nag/.m2/repository/jakarta/enterprise/jakarta.enterprise.cdi-api/2.0.2/jakarta.enterprise.cdi-api-2.0.2.jar:/Users/nag/.m2/repository/jakarta/el/jakarta.el-api/3.0.3/jakarta.el-api-3.0.3.jar:/Users/nag/.m2/repository/jakarta/interceptor/jakarta.interceptor-api/1.2.5/jakarta.interceptor-api-1.2.5.jar:/Users/nag/.m2/repository/io/quarkus/quarkus-vertx-core/1.2.0.Final/quarkus-vertx-core-1.2.0.Final.jar:/Users/nag/.m2/repository/io/quarkus/quarkus-netty/1.2.0.Final/quarkus-netty-1.2.0.Final.jar:/Users/nag/.m2/repository/io/netty/netty-codec/4.1.42.Final/netty-codec-4.1.42.Final.jar:/Users/nag/.m2/repository/io/netty/netty-handler/4.1.42.Final/netty-handler-4.1.42.Final.jar:/Users/nag/.m2/repository/io/vertx/vertx-core/3.8.4/vertx-core-3.8.4.jar:/Users/nag/.m2/repository/io/netty/netty-common/4.1.42.Final/netty-common-4.1.42.Final.jar:/Users/nag/.m2/repository/io/netty/netty-buffer/4.1.42.Final/netty-buffer-4.1.42.Final.jar:/Users/nag/.m2/repository/io/netty/netty-transport/4.1.42.Final/netty-transport-4.1.42.Final.jar:/Users/nag/.m2/repository/io/netty/netty-handler-proxy/4.1.42.Final/netty-handler-proxy-4.1.42.Final.jar:/Users/nag/.m2/repository/io/netty/netty-codec-socks/4.1.42.Final/netty-codec-socks-4.1.42.Final.jar:/Users/nag/.m2/repository/io/netty/netty-codec-http/4.1.42.Final/netty-codec-http-4.1.42.Final.jar:/Users/nag/.m2/repository/io/netty/netty-codec-http2/4.1.42.Final/netty-codec-http2-4.1.42.Final.jar:/Users/nag/.m2/repository/io/netty/netty-resolver/4.1.42.Final/netty-resolver-4.1.42.Final.jar:/Users/nag/.m2/repository/io/netty/netty-resolver-dns/4.1.42.Final/netty-resolver-dns-4.1.42.Final.jar:/Users/nag/.m2/repository/io/netty/netty-codec-dns/4.1.42.Final/netty-codec-dns-4.1.42.Final.jar:/Users/nag/.m2/repository/io/vertx/vertx-web/3.8.4/vertx-web-3.8.4.jar:/Users/nag/.m2/repository/io/vertx/vertx-web-common/3.8.4/vertx-web-common-3.8.4.jar:/Users/nag/.m2/repository/io/vertx/vertx-auth-common/3.8.4/vertx-auth-common-3.8.4.jar:/Users/nag/.m2/repository/io/vertx/vertx-bridge-common/3.8.4/vertx-bridge-common-3.8.4.jar:/Users/nag/.m2/repository/io/quarkus/quarkus-resteasy-server-common/1.2.0.Final/quarkus-resteasy-server-common-1.2.0.Final.jar:/Users/nag/.m2/repository/io/quarkus/quarkus-resteasy-common/1.2.0.Final/quarkus-resteasy-common-1.2.0.Final.jar:/Users/nag/.m2/repository/org/jboss/resteasy/resteasy-core/4.4.2.Final/resteasy-core-4.4.2.Final.jar:/Users/nag/.m2/repository/org/jboss/spec/javax/ws/rs/jboss-jaxrs-api_2.1_spec/2.0.1.Final/jboss-jaxrs-api_2.1_spec-2.0.1.Final.jar:/Users/nag/.m2/repository/org/jboss/resteasy/resteasy-core-spi/4.4.2.Final/resteasy-core-spi-4.4.2.Final.jar:/Users/nag/.m2/repository/org/reactivestreams/reactive-streams/1.0.3/reactive-streams-1.0.3.jar:/Users/nag/.m2/repository/com/sun/activation/jakarta.activation/1.2.1/jakarta.activation-1.2.1.jar:/Users/nag/.m2/repository/jakarta/validation/jakarta.validation-api/2.0.2/jakarta.validation-api-2.0.2.jar:/Users/nag/.m2/repository/io/quarkus/quarkus-resteasy-jsonb/1.2.0.Final/quarkus-resteasy-jsonb-1.2.0.Final.jar:/Users/nag/.m2/repository/io/quarkus/quarkus-jsonb/1.2.0.Final/quarkus-jsonb-1.2.0.Final.jar:/Users/nag/.m2/repository/org/eclipse/yasson/1.0.6/yasson-1.0.6.jar:/Users/nag/.m2/repository/org/jboss/resteasy/resteasy-json-binding-provider/4.4.2.Final/resteasy-json-binding-provider-4.4.2.Final.jar:/Users/nag/.m2/repository/org/glassfish/jakarta.json/1.1.6/jakarta.json-1.1.6.jar:/Users/nag/.m2/repository/jakarta/json/bind/jakarta.json.bind-api/1.0.2/jakarta.json.bind-api-1.0.2.jar:/Users/nag/.m2/repository/org/jboss/logging/jboss-logging/3.3.2.Final/jboss-logging-3.3.2.Final.jar:/Users/nag/.m2/repository/org/jboss/resteasy/resteasy-json-p-provider/4.4.2.Final/resteasy-json-p-provider-4.4.2.Final.jar:/Users/nag/.m2/repository/commons-io/commons-io/2.6/commons-io-2.6.jar:/Users/nag/.m2/repository/io/quarkus/quarkus-hibernate-orm-panache/1.2.0.Final/quarkus-hibernate-orm-panache-1.2.0.Final.jar:/Users/nag/.m2/repository/io/quarkus/quarkus-core/1.2.0.Final/quarkus-core-1.2.0.Final.jar:/Users/nag/.m2/repository/jakarta/annotation/jakarta.annotation-api/1.3.5/jakarta.annotation-api-1.3.5.jar:/Users/nag/.m2/repository/io/smallrye/config/smallrye-config/1.5.1/smallrye-config-1.5.1.jar:/Users/nag/.m2/repository/io/smallrye/config/smallrye-config-common/1.5.1/smallrye-config-common-1.5.1.jar:/Users/nag/.m2/repository/org/jboss/logmanager/jboss-logmanager-embedded/1.0.4/jboss-logmanager-embedded-1.0.4.jar:/Users/nag/.m2/repository/org/jboss/logging/jboss-logging-annotations/2.1.0.Final/jboss-logging-annotations-2.1.0.Final.jar:/Users/nag/.m2/repository/org/jboss/threads/jboss-threads/3.0.0.Final/jboss-threads-3.0.0.Final.jar:/Users/nag/.m2/repository/org/slf4j/slf4j-api/1.7.29/slf4j-api-1.7.29.jar:/Users/nag/.m2/repository/org/jboss/slf4j/slf4j-jboss-logging/1.2.0.Final/slf4j-jboss-logging-1.2.0.Final.jar:/Users/nag/.m2/repository/org/graalvm/sdk/graal-sdk/19.2.1/graal-sdk-19.2.1.jar:/Users/nag/.m2/repository/org/wildfly/common/wildfly-common/1.5.0.Final-format-001/wildfly-common-1.5.0.Final-format-001.jar:/Users/nag/.m2/repository/io/quarkus/quarkus-hibernate-orm/1.2.0.Final/quarkus-hibernate-orm-1.2.0.Final.jar:/Users/nag/.m2/repository/io/quarkus/quarkus-agroal/1.2.0.Final/quarkus-agroal-1.2.0.Final.jar:/Users/nag/.m2/repository/org/jboss/narayana/jta/narayana-jta/5.10.0.Final/narayana-jta-5.10.0.Final.jar:/Users/nag/.m2/repository/org/jboss/jboss-transaction-spi/7.6.0.Final/jboss-transaction-spi-7.6.0.Final.jar:/Users/nag/.m2/repository/org/jboss/spec/javax/resource/jboss-connector-api_1.7_spec/1.0.0.Final/jboss-connector-api_1.7_spec-1.0.0.Final.jar:/Users/nag/.m2/repository/org/jboss/narayana/jts/narayana-jts-integration/5.10.0.Final/narayana-jts-integration-5.10.0.Final.jar:/Users/nag/.m2/repository/io/agroal/agroal-api/1.7/agroal-api-1.7.jar:/Users/nag/.m2/repository/io/agroal/agroal-narayana/1.7/agroal-narayana-1.7.jar:/Users/nag/.m2/repository/io/agroal/agroal-pool/1.7/agroal-pool-1.7.jar:/Users/nag/.m2/repository/io/quarkus/quarkus-vault-spi/1.2.0.Final/quarkus-vault-spi-1.2.0.Final.jar:/Users/nag/.m2/repository/io/quarkus/quarkus-narayana-jta/1.2.0.Final/quarkus-narayana-jta-1.2.0.Final.jar:/Users/nag/.m2/repository/io/smallrye/reactive/smallrye-reactive-streams-operators/1.0.10/smallrye-reactive-streams-operators-1.0.10.jar:/Users/nag/.m2/repository/org/eclipse/microprofile/reactive-streams-operators/microprofile-reactive-streams-operators-api/1.0/microprofile-reactive-streams-operators-api-1.0.jar:/Users/nag/.m2/repository/org/eclipse/microprofile/reactive-streams-operators/microprofile-reactive-streams-operators-core/1.0/microprofile-reactive-streams-operators-core-1.0.jar:/Users/nag/.m2/repository/io/reactivex/rxjava2/rxjava/2.2.17/rxjava-2.2.17.jar:/Users/nag/.m2/repository/io/smallrye/smallrye-context-propagation-jta/1.0.11/smallrye-context-propagation-jta-1.0.11.jar:/Users/nag/.m2/repository/io/smallrye/reactive/smallrye-reactive-converter-api/1.0.10/smallrye-reactive-converter-api-1.0.10.jar:/Users/nag/.m2/repository/org/hibernate/hibernate-core/5.4.10.Final/hibernate-core-5.4.10.Final.jar:/Users/nag/.m2/repository/net/bytebuddy/byte-buddy/1.10.2/byte-buddy-1.10.2.jar:/Users/nag/.m2/repository/antlr/antlr/2.7.7/antlr-2.7.7.jar:/Users/nag/.m2/repository/org/dom4j/dom4j/2.1.1/dom4j-2.1.1.jar:/Users/nag/.m2/repository/org/hibernate/common/hibernate-commons-annotations/5.1.0.Final/hibernate-commons-annotations-5.1.0.Final.jar:/Users/nag/.m2/repository/org/glassfish/jaxb/jaxb-runtime/2.3.3-b01/jaxb-runtime-2.3.3-b01.jar:/Users/nag/.m2/repository/org/glassfish/jaxb/txw2/2.3.3-b01/txw2-2.3.3-b01.jar:/Users/nag/.m2/repository/com/sun/istack/istack-commons-runtime/3.0.10/istack-commons-runtime-3.0.10.jar:/Users/nag/.m2/repository/org/jboss/spec/javax/xml/bind/jboss-jaxb-api_2.3_spec/2.0.0.Final/jboss-jaxb-api_2.3_spec-2.0.0.Final.jar:/Users/nag/.m2/repository/jakarta/persistence/jakarta.persistence-api/2.2.3/jakarta.persistence-api-2.2.3.jar:/Users/nag/.m2/repository/jakarta/transaction/jakarta.transaction-api/1.3.3/jakarta.transaction-api-1.3.3.jar:/Users/nag/.m2/repository/org/hibernate/quarkus-local-cache/0.1.0/quarkus-local-cache-0.1.0.jar:/Users/nag/.m2/repository/com/github/ben-manes/caffeine/caffeine/2.8.0/caffeine-2.8.0.jar:/Users/nag/.m2/repository/org/checkerframework/checker-qual/2.5.2/checker-qual-2.5.2.jar:/Users/nag/.m2/repository/com/google/errorprone/error_prone_annotations/2.2.0/error_prone_annotations-2.2.0.jar:/Users/nag/.m2/repository/io/quarkus/quarkus-caffeine/1.2.0.Final/quarkus-caffeine-1.2.0.Final.jar:/Users/nag/.m2/repository/io/quarkus/quarkus-arc/1.2.0.Final/quarkus-arc-1.2.0.Final.jar:/Users/nag/.m2/repository/io/quarkus/arc/arc/1.2.0.Final/arc-1.2.0.Final.jar:/Users/nag/.m2/repository/org/eclipse/microprofile/context-propagation/microprofile-context-propagation-api/1.0.1/microprofile-context-propagation-api-1.0.1.jar:/Users/nag/.m2/repository/io/quarkus/quarkus-panache-common/1.2.0.Final/quarkus-panache-common-1.2.0.Final.jar:/Users/nag/.m2/repository/io/quarkus/quarkus-jdbc-postgresql/1.2.0.Final/quarkus-jdbc-postgresql-1.2.0.Final.jar:/Users/nag/.m2/repository/org/postgresql/postgresql/42.2.9/postgresql-42.2.9.jar:/Users/nag/.m2/repository/io/quarkus/quarkus-hibernate-validator/1.2.0.Final/quarkus-hibernate-validator-1.2.0.Final.jar:/Users/nag/.m2/repository/org/hibernate/validator/hibernate-validator/6.1.1.Final/hibernate-validator-6.1.1.Final.jar:/Users/nag/.m2/repository/com/fasterxml/classmate/1.3.4/classmate-1.3.4.jar:/Users/nag/.m2/repository/org/glassfish/jakarta.el/3.0.3/jakarta.el-3.0.3.jar:/Users/nag/.m2/repository/io/quarkus/quarkus-smallrye-openapi/1.2.0.Final/quarkus-smallrye-openapi-1.2.0.Final.jar:/Users/nag/.m2/repository/io/smallrye/smallrye-open-api/1.1.20/smallrye-open-api-1.1.20.jar:/Users/nag/.m2/repository/org/eclipse/microprofile/openapi/microprofile-openapi-api/1.1.2/microprofile-openapi-api-1.1.2.jar:/Users/nag/.m2/repository/org/eclipse/microprofile/config/microprofile-config-api/1.3/microprofile-config-api-1.3.jar:/Users/nag/.m2/repository/com/fasterxml/jackson/dataformat/jackson-dataformat-yaml/2.10.2/jackson-dataformat-yaml-2.10.2.jar:/Users/nag/.m2/repository/org/yaml/snakeyaml/1.25/snakeyaml-1.25.jar:/Users/nag/.m2/repository/org/jboss/jandex/2.1.2.Final/jandex-2.1.2.Final.jar:/Users/nag/.m2/repository/org/jboss/shrinkwrap/shrinkwrap-api/1.2.6/shrinkwrap-api-1.2.6.jar:/Users/nag/.m2/repository/io/quarkus/quarkus-swagger-ui/1.2.0.Final/quarkus-swagger-ui-1.2.0.Final.jar:/Users/nag/.m2/repository/io/quarkus/quarkus-smallrye-health/1.2.0.Final/quarkus-smallrye-health-1.2.0.Final.jar:/Users/nag/.m2/repository/io/smallrye/smallrye-health/2.1.0/smallrye-health-2.1.0.jar:/Users/nag/.m2/repository/org/eclipse/microprofile/health/microprofile-health-api/2.1/microprofile-health-api-2.1.jar:/Users/nag/.m2/repository/jakarta/inject/jakarta.inject-api/1.0/jakarta.inject-api-1.0.jar:/Users/nag/.m2/repository/io/quarkus/quarkus-jsonp/1.2.0.Final/quarkus-jsonp-1.2.0.Final.jar:/Users/nag/.m2/repository/io/quarkus/quarkus-smallrye-metrics/1.2.0.Final/quarkus-smallrye-metrics-1.2.0.Final.jar:/Users/nag/.m2/repository/io/smallrye/smallrye-metrics/2.3.2/smallrye-metrics-2.3.2.jar:/Users/nag/.m2/repository/org/eclipse/microprofile/metrics/microprofile-metrics-api/2.2.1/microprofile-metrics-api-2.2.1.jar:/Users/nag/.m2/repository/io/quarkus/quarkus-junit5/1.2.0.Final/quarkus-junit5-1.2.0.Final.jar:/Users/nag/.m2/repository/io/quarkus/quarkus-bootstrap-core/1.2.0.Final/quarkus-bootstrap-core-1.2.0.Final.jar:/Users/nag/.m2/repository/org/apache/maven/maven-embedder/3.5.4/maven-embedder-3.5.4.jar:/Users/nag/.m2/repository/org/apache/maven/maven-settings/3.5.4/maven-settings-3.5.4.jar:/Users/nag/.m2/repository/org/apache/maven/maven-core/3.5.4/maven-core-3.5.4.jar:/Users/nag/.m2/repository/org/apache/maven/maven-artifact/3.5.4/maven-artifact-3.5.4.jar:/Users/nag/.m2/repository/org/apache/maven/maven-plugin-api/3.5.4/maven-plugin-api-3.5.4.jar:/Users/nag/.m2/repository/org/apache/maven/maven-model/3.5.4/maven-model-3.5.4.jar:/Users/nag/.m2/repository/org/apache/maven/maven-model-builder/3.5.4/maven-model-builder-3.5.4.jar:/Users/nag/.m2/repository/org/apache/maven/maven-builder-support/3.5.4/maven-builder-support-3.5.4.jar:/Users/nag/.m2/repository/org/apache/maven/resolver/maven-resolver-api/1.1.1/maven-resolver-api-1.1.1.jar:/Users/nag/.m2/repository/org/apache/maven/resolver/maven-resolver-util/1.1.1/maven-resolver-util-1.1.1.jar:/Users/nag/.m2/repository/org/apache/maven/shared/maven-shared-utils/3.2.1/maven-shared-utils-3.2.1.jar:/Users/nag/.m2/repository/com/google/inject/guice/4.2.0/guice-4.2.0-no_aop.jar:/Users/nag/.m2/repository/aopalliance/aopalliance/1.0/aopalliance-1.0.jar:/Users/nag/.m2/repository/com/google/guava/guava/27.0.1-jre/guava-27.0.1-jre.jar:/Users/nag/.m2/repository/com/google/guava/failureaccess/1.0.1/failureaccess-1.0.1.jar:/Users/nag/.m2/repository/com/google/guava/listenablefuture/9999.0-empty-to-avoid-conflict-with-guava/listenablefuture-9999.0-empty-to-avoid-conflict-with-guava.jar:/Users/nag/.m2/repository/com/google/code/findbugs/jsr305/3.0.2/jsr305-3.0.2.jar:/Users/nag/.m2/repository/com/google/j2objc/j2objc-annotations/1.1/j2objc-annotations-1.1.jar:/Users/nag/.m2/repository/org/codehaus/mojo/animal-sniffer-annotations/1.17/animal-sniffer-annotations-1.17.jar:/Users/nag/.m2/repository/org/codehaus/plexus/plexus-utils/3.0.24/plexus-utils-3.0.24.jar:/Users/nag/.m2/repository/org/codehaus/plexus/plexus-classworlds/2.5.2/plexus-classworlds-2.5.2.jar:/Users/nag/.m2/repository/org/eclipse/sisu/org.eclipse.sisu.plexus/0.3.3/org.eclipse.sisu.plexus-0.3.3.jar:/Users/nag/.m2/repository/org/codehaus/plexus/plexus-component-annotations/1.7.1/plexus-component-annotations-1.7.1.jar:/Users/nag/.m2/repository/commons-cli/commons-cli/1.4/commons-cli-1.4.jar:/Users/nag/.m2/repository/org/apache/maven/maven-settings-builder/3.5.4/maven-settings-builder-3.5.4.jar:/Users/nag/.m2/repository/org/codehaus/plexus/plexus-interpolation/1.24/plexus-interpolation-1.24.jar:/Users/nag/.m2/repository/org/sonatype/plexus/plexus-sec-dispatcher/1.4/plexus-sec-dispatcher-1.4.jar:/Users/nag/.m2/repository/org/sonatype/plexus/plexus-cipher/1.4/plexus-cipher-1.4.jar:/Users/nag/.m2/repository/org/apache/maven/maven-resolver-provider/3.5.4/maven-resolver-provider-3.5.4.jar:/Users/nag/.m2/repository/org/apache/maven/maven-repository-metadata/3.5.4/maven-repository-metadata-3.5.4.jar:/Users/nag/.m2/repository/org/apache/maven/resolver/maven-resolver-spi/1.1.1/maven-resolver-spi-1.1.1.jar:/Users/nag/.m2/repository/org/apache/maven/resolver/maven-resolver-impl/1.1.1/maven-resolver-impl-1.1.1.jar:/Users/nag/.m2/repository/org/apache/maven/resolver/maven-resolver-connector-basic/1.1.1/maven-resolver-connector-basic-1.1.1.jar:/Users/nag/.m2/repository/org/apache/maven/resolver/maven-resolver-transport-wagon/1.1.1/maven-resolver-transport-wagon-1.1.1.jar:/Users/nag/.m2/repository/org/apache/maven/wagon/wagon-provider-api/3.0.0/wagon-provider-api-3.0.0.jar:/Users/nag/.m2/repository/org/apache/maven/wagon/wagon-http/3.0.0/wagon-http-3.0.0.jar:/Users/nag/.m2/repository/org/apache/maven/wagon/wagon-http-shared/3.0.0/wagon-http-shared-3.0.0.jar:/Users/nag/.m2/repository/org/jsoup/jsoup/1.7.2/jsoup-1.7.2.jar:/Users/nag/.m2/repository/org/apache/maven/wagon/wagon-file/3.0.0/wagon-file-3.0.0.jar:/Users/nag/.m2/repository/org/jboss/logging/commons-logging-jboss-logging/1.0.0.Final/commons-logging-jboss-logging-1.0.0.Final.jar:/Users/nag/.m2/repository/io/quarkus/quarkus-test-common/1.2.0.Final/quarkus-test-common-1.2.0.Final.jar:/Users/nag/.m2/repository/io/quarkus/quarkus-core-deployment/1.2.0.Final/quarkus-core-deployment-1.2.0.Final.jar:/Users/nag/.m2/repository/io/quarkus/gizmo/gizmo/1.0.1.Final/gizmo-1.0.1.Final.jar:/Users/nag/.m2/repository/org/ow2/asm/asm-util/7.1/asm-util-7.1.jar:/Users/nag/.m2/repository/org/ow2/asm/asm-tree/7.1/asm-tree-7.1.jar:/Users/nag/.m2/repository/org/ow2/asm/asm-analysis/7.1/asm-analysis-7.1.jar:/Users/nag/.m2/repository/org/ow2/asm/asm/7.1/asm-7.1.jar:/Users/nag/.m2/repository/io/quarkus/quarkus-builder/1.2.0.Final/quarkus-builder-1.2.0.Final.jar:/Users/nag/.m2/repository/io/quarkus/quarkus-jsonp-deployment/1.2.0.Final/quarkus-jsonp-deployment-1.2.0.Final.jar:/Users/nag/.m2/repository/org/junit/jupiter/junit-jupiter/5.5.2/junit-jupiter-5.5.2.jar:/Users/nag/.m2/repository/org/junit/jupiter/junit-jupiter-params/5.5.2/junit-jupiter-params-5.5.2.jar:/Users/nag/.m2/repository/org/junit/jupiter/junit-jupiter-engine/5.5.2/junit-jupiter-engine-5.5.2.jar:/Users/nag/.m2/repository/org/junit/platform/junit-platform-engine/1.5.2/junit-platform-engine-1.5.2.jar:/Users/nag/.m2/repository/io/rest-assured/rest-assured/4.1.2/rest-assured-4.1.2.jar:/Users/nag/.m2/repository/org/codehaus/groovy/groovy/2.5.8/groovy-2.5.8.jar:/Users/nag/.m2/repository/org/codehaus/groovy/groovy-xml/2.5.8/groovy-xml-2.5.8.jar:/Users/nag/.m2/repository/org/apache/httpcomponents/httpclient/4.5.10/httpclient-4.5.10.jar:/Users/nag/.m2/repository/org/apache/httpcomponents/httpcore/4.4.13/httpcore-4.4.13.jar:/Users/nag/.m2/repository/commons-codec/commons-codec/1.13/commons-codec-1.13.jar:/Users/nag/.m2/repository/org/apache/httpcomponents/httpmime/4.5.3/httpmime-4.5.3.jar:/Users/nag/.m2/repository/org/hamcrest/hamcrest/2.1/hamcrest-2.1.jar:/Users/nag/.m2/repository/org/ccil/cowan/tagsoup/tagsoup/1.2.1/tagsoup-1.2.1.jar:/Users/nag/.m2/repository/io/rest-assured/json-path/4.1.2/json-path-4.1.2.jar:/Users/nag/.m2/repository/org/codehaus/groovy/groovy-json/2.5.8/groovy-json-2.5.8.jar:/Users/nag/.m2/repository/io/rest-assured/rest-assured-common/4.1.2/rest-assured-common-4.1.2.jar:/Users/nag/.m2/repository/io/rest-assured/xml-path/4.1.2/xml-path-4.1.2.jar:/Users/nag/.m2/repository/org/apache/commons/commons-lang3/3.9/commons-lang3-3.9.jar:/Users/nag/.m2/repository/javax/xml/bind/jaxb-api/2.3.1/jaxb-api-2.3.1.jar:/Users/nag/.m2/repository/org/apache/sling/org.apache.sling.javax.activation/0.1.0/org.apache.sling.javax.activation-0.1.0.jar:/Users/nag/.m2/repository/com/fasterxml/jackson/core/jackson-databind/2.10.2/jackson-databind-2.10.2.jar:/Users/nag/.m2/repository/com/fasterxml/jackson/core/jackson-annotations/2.10.2/jackson-annotations-2.10.2.jar:/Users/nag/.m2/repository/com/fasterxml/jackson/core/jackson-core/2.10.2/jackson-core-2.10.2.jar:/Users/nag/.m2/repository/org/testcontainers/junit-jupiter/1.12.2/junit-jupiter-1.12.2.jar:/Users/nag/.m2/repository/org/testcontainers/testcontainers/1.12.4/testcontainers-1.12.4.jar:/Users/nag/.m2/repository/junit/junit/4.12/junit-4.12.jar:/Users/nag/.m2/repository/org/hamcrest/hamcrest-core/1.3/hamcrest-core-1.3.jar:/Users/nag/.m2/repository/org/jetbrains/annotations/17.0.0/annotations-17.0.0.jar:/Users/nag/.m2/repository/javax/annotation/javax.annotation-api/1.3.2/javax.annotation-api-1.3.2.jar:/Users/nag/.m2/repository/org/apache/commons/commons-compress/1.19/commons-compress-1.19.jar:/Users/nag/.m2/repository/org/rnorth/duct-tape/duct-tape/1.0.8/duct-tape-1.0.8.jar:/Users/nag/.m2/repository/org/rnorth/visible-assertions/visible-assertions/2.1.2/visible-assertions-2.1.2.jar:/Users/nag/.m2/repository/org/rnorth/tcp-unix-socket-proxy/1.0.2/tcp-unix-socket-proxy-1.0.2.jar:/Users/nag/.m2/repository/com/kohlschutter/junixsocket/junixsocket-native-common/2.0.4/junixsocket-native-common-2.0.4.jar:/Users/nag/.m2/repository/org/scijava/native-lib-loader/2.0.2/native-lib-loader-2.0.2.jar:/Users/nag/.m2/repository/com/kohlschutter/junixsocket/junixsocket-common/2.0.4/junixsocket-common-2.0.4.jar:/Users/nag/.m2/repository/net/java/dev/jna/jna-platform/5.5.0/jna-platform-5.5.0.jar:/Users/nag/.m2/repository/net/java/dev/jna/jna/5.3.1/jna-5.3.1.jar:/Users/nag/.m2/repository/org/junit/jupiter/junit-jupiter-api/5.5.2/junit-jupiter-api-5.5.2.jar:/Users/nag/.m2/repository/org/apiguardian/apiguardian-api/1.1.0/apiguardian-api-1.1.0.jar:/Users/nag/.m2/repository/org/opentest4j/opentest4j/1.2.0/opentest4j-1.2.0.jar:/Users/nag/.m2/repository/org/junit/platform/junit-platform-commons/1.5.2/junit-platform-commons-1.5.2.jar:/Users/nag/.m2/repository/org/testcontainers/postgresql/1.12.2/postgresql-1.12.2.jar:/Users/nag/.m2/repository/org/testcontainers/jdbc/1.12.2/jdbc-1.12.2.jar:/Users/nag/.m2/repository/org/testcontainers/database-commons/1.12.2/database-commons-1.12.2.jar:"/>
    <property name="sun.cpu.endian" value="little"/>
    <property name="user.home" value="/Users/nag"/>
    <property name="user.language" value="en"/>
    <property name="java.specification.vendor" value="Oracle Corporation"/>
    <property name="java.version.date" value="2020-04-14"/>
    <property name="java.home" value="/Library/Java/JavaVirtualMachines/graalvm-ce-java11-20.1.0/Contents/Home"/>
    <property name="file.separator" value="/"/>
    <property name="basedir" value="/Users/nag/Desktop/quarkus-ibm/quarkus-workshop/super-heroes/rest-hero"/>
    <property name="java.vm.compressedOopsMode" value="Zero based"/>
    <property name="line.separator" value="&#10;"/>
    <property name="jdk.internal.vm.ci.enabled" value="true"/>
    <property name="java.specification.name" value="Java Platform API Specification"/>
    <property name="java.vm.specification.vendor" value="Oracle Corporation"/>
    <property name="java.awt.graphicsenv" value="sun.awt.CGraphicsEnvironment"/>
    <property name="surefire.real.class.path" value="/Users/nag/Desktop/quarkus-ibm/quarkus-workshop/super-heroes/rest-hero/target/surefire/surefirebooter4790597174192151827.jar"/>
    <property name="sun.management.compiler" value="HotSpot 64-Bit Tiered Compilers"/>
    <property name="ftp.nonProxyHosts" value="local|*.local|169.254/16|*.169.254/16"/>
    <property name="java.runtime.version" value="11.0.7+10-jvmci-20.1-b02"/>
    <property name="user.name" value="nag"/>
    <property name="path.separator" value=":"/>
    <property name="os.version" value="10.15.4"/>
    <property name="java.runtime.name" value="OpenJDK Runtime Environment"/>
    <property name="file.encoding" value="UTF-8"/>
    <property name="java.vm.name" value="OpenJDK 64-Bit Server VM"/>
    <property name="java.vendor.version" value="GraalVM CE 20.1.0"/>
    <property name="localRepository" value="/Users/nag/.m2/repository"/>
    <property name="java.vendor.url.bug" value="https://github.com/oracle/graal/issues"/>
    <property name="java.io.tmpdir" value="/var/folders/c9/r6lz6dhn53lcbvkn_g5vprdm0000gn/T/"/>
    <property name="java.version" value="11.0.7"/>
    <property name="user.dir" value="/Users/nag/Desktop/quarkus-ibm/quarkus-workshop/super-heroes/rest-hero"/>
    <property name="os.arch" value="x86_64"/>
    <property name="java.vm.specification.name" value="Java Virtual Machine Specification"/>
    <property name="java.awt.printerjob" value="sun.lwawt.macosx.CPrinterJob"/>
    <property name="sun.os.patch.level" value="unknown"/>
    <property name="java.library.path" value="/Users/nag/Library/Java/Extensions:/Library/Java/Extensions:/Network/Library/Java/Extensions:/System/Library/Java/Extensions:/usr/lib/java:."/>
    <property name="java.vendor" value="GraalVM Community"/>
    <property name="java.vm.info" value="mixed mode, sharing"/>
    <property name="java.vm.version" value="11.0.7+10-jvmci-20.1-b02"/>
    <property name="sun.io.unicode.encoding" value="UnicodeBig"/>
    <property name="java.class.version" value="55.0"/>
    <property name="socksNonProxyHosts" value="local|*.local|169.254/16|*.169.254/16"/>
  </properties>
  <testcase name="shouldGetInitialItems" classname="io.quarkus.workshop.superheroes.hero.NativeHeroResourceIT" time="2.797">
    <failure message="expected: &lt;951&gt; but was: &lt;0&gt;" type="org.opentest4j.AssertionFailedError"><![CDATA[org.opentest4j.AssertionFailedError: expected: <951> but was: <0>
]]></failure>
    <system-out><![CDATA[        &amp#27;[37m&amp#27;[1mℹ︎ Checking the system...&amp#27;[0m&amp#27;[0m
        &amp#27;[32m✔ Docker version should be at least 1.6.0&amp#27;[0m
        &amp#27;[32m✔ Docker environment should have more than 2GB free disk space&amp#27;[0m
Executing [/Users/nag/Desktop/quarkus-ibm/quarkus-workshop/super-heroes/rest-hero/target/rest-hero-01-runner, -Dquarkus.http.port=8081, -Dtest.url=http://localhost:8081, -Dquarkus.log.file.path=target/quarkus.log, -Dquarkus.datasource.url=jdbc:postgresql://localhost:32809/heroes_database?loggerLevel=OFF]
&amp#27;[38;5;145m11:20:13&amp#27;[39m&amp#27;[38;5;188m &amp#27;[39m&amp#27;[38;5;107mINFO &amp#27;[39m&amp#27;[38;5;188m [&amp#27;[39m&amp#27;[38;5;69mio.ag.pool&amp#27;[39m&amp#27;[38;5;188m] (&amp#27;[39m&amp#27;[38;5;71mmain&amp#27;[39m&amp#27;[38;5;188m) &amp#27;[39m&amp#27;[38;5;151mDatasource '<default>': Initial size smaller than min. Connections will be created when necessary&amp#27;[39m&amp#27;[38;5;203m&amp#27;[39m&amp#27;[38;5;227m
&amp#27;[39m&amp#27;[38;5;145m11:20:13&amp#27;[39m&amp#27;[38;5;188m &amp#27;[39m&amp#27;[38;5;107mINFO &amp#27;[39m&amp#27;[38;5;188m [&amp#27;[39m&amp#27;[38;5;69mio.qu.wo.su.he.HeroApplicationLifeCycle&amp#27;[39m&amp#27;[38;5;188m] (&amp#27;[39m&amp#27;[38;5;71mmain&amp#27;[39m&amp#27;[38;5;188m) &amp#27;[39m&amp#27;[38;5;151m  _   _                      _    ____ ___ &amp#27;[39m&amp#27;[38;5;203m&amp#27;[39m&amp#27;[38;5;227m
&amp#27;[39m&amp#27;[38;5;145m11:20:13&amp#27;[39m&amp#27;[38;5;188m &amp#27;[39m&amp#27;[38;5;107mINFO &amp#27;[39m&amp#27;[38;5;188m [&amp#27;[39m&amp#27;[38;5;69mio.qu.wo.su.he.HeroApplicationLifeCycle&amp#27;[39m&amp#27;[38;5;188m] (&amp#27;[39m&amp#27;[38;5;71mmain&amp#27;[39m&amp#27;[38;5;188m) &amp#27;[39m&amp#27;[38;5;151m | | | | ___ _ __ ___       / \  |  _ \_ _|&amp#27;[39m&amp#27;[38;5;203m&amp#27;[39m&amp#27;[38;5;227m
&amp#27;[39m&amp#27;[38;5;145m11:20:13&amp#27;[39m&amp#27;[38;5;188m &amp#27;[39m&amp#27;[38;5;107mINFO &amp#27;[39m&amp#27;[38;5;188m [&amp#27;[39m&amp#27;[38;5;69mio.qu.wo.su.he.HeroApplicationLifeCycle&amp#27;[39m&amp#27;[38;5;188m] (&amp#27;[39m&amp#27;[38;5;71mmain&amp#27;[39m&amp#27;[38;5;188m) &amp#27;[39m&amp#27;[38;5;151m | |_| |/ _ \ '__/ _ \     / _ \ | |_) | | &amp#27;[39m&amp#27;[38;5;203m&amp#27;[39m&amp#27;[38;5;227m
&amp#27;[39m&amp#27;[38;5;145m11:20:13&amp#27;[39m&amp#27;[38;5;188m &amp#27;[39m&amp#27;[38;5;107mINFO &amp#27;[39m&amp#27;[38;5;188m [&amp#27;[39m&amp#27;[38;5;69mio.qu.wo.su.he.HeroApplicationLifeCycle&amp#27;[39m&amp#27;[38;5;188m] (&amp#27;[39m&amp#27;[38;5;71mmain&amp#27;[39m&amp#27;[38;5;188m) &amp#27;[39m&amp#27;[38;5;151m |  _  |  __/ | | (_) |   / ___ \|  __/| | &amp#27;[39m&amp#27;[38;5;203m&amp#27;[39m&amp#27;[38;5;227m
&amp#27;[39m&amp#27;[38;5;145m11:20:13&amp#27;[39m&amp#27;[38;5;188m &amp#27;[39m&amp#27;[38;5;107mINFO &amp#27;[39m&amp#27;[38;5;188m [&amp#27;[39m&amp#27;[38;5;69mio.qu.wo.su.he.HeroApplicationLifeCycle&amp#27;[39m&amp#27;[38;5;188m] (&amp#27;[39m&amp#27;[38;5;71mmain&amp#27;[39m&amp#27;[38;5;188m) &amp#27;[39m&amp#27;[38;5;151m |_| |_|\___|_|  \___/   /_/   \_\_|  |___|&amp#27;[39m&amp#27;[38;5;203m&amp#27;[39m&amp#27;[38;5;227m
&amp#27;[39m&amp#27;[38;5;145m11:20:13&amp#27;[39m&amp#27;[38;5;188m &amp#27;[39m&amp#27;[38;5;107mINFO &amp#27;[39m&amp#27;[38;5;188m [&amp#27;[39m&amp#27;[38;5;69mio.qu.wo.su.he.HeroApplicationLifeCycle&amp#27;[39m&amp#27;[38;5;188m] (&amp#27;[39m&amp#27;[38;5;71mmain&amp#27;[39m&amp#27;[38;5;188m) &amp#27;[39m&amp#27;[38;5;151m                         Powered by Quarkus&amp#27;[39m&amp#27;[38;5;203m&amp#27;[39m&amp#27;[38;5;227m
&amp#27;[39m&amp#27;[38;5;145m11:20:13&amp#27;[39m&amp#27;[38;5;188m &amp#27;[39m&amp#27;[38;5;107mINFO &amp#27;[39m&amp#27;[38;5;188m [&amp#27;[39m&amp#27;[38;5;69mio.qu.wo.su.he.HeroApplicationLifeCycle&amp#27;[39m&amp#27;[38;5;188m] (&amp#27;[39m&amp#27;[38;5;71mmain&amp#27;[39m&amp#27;[38;5;188m) &amp#27;[39m&amp#27;[38;5;151m&amp#27;[39mThe application HERO is starting with profile `&amp#27;[38;5;188mprod&amp#27;[39m`&amp#27;[39m&amp#27;[38;5;203m&amp#27;[39m&amp#27;[38;5;227m
&amp#27;[39m&amp#27;[38;5;145m11:20:13&amp#27;[39m&amp#27;[38;5;188m &amp#27;[39m&amp#27;[38;5;107mINFO &amp#27;[39m&amp#27;[38;5;188m [&amp#27;[39m&amp#27;[38;5;69mio.quarkus&amp#27;[39m&amp#27;[38;5;188m] (&amp#27;[39m&amp#27;[38;5;71mmain&amp#27;[39m&amp#27;[38;5;188m) &amp#27;[39m&amp#27;[38;5;151m&amp#27;[39m&amp#27;[38;5;188mrest-hero&amp#27;[39m &amp#27;[38;5;188m01&amp#27;[39m (running on Quarkus &amp#27;[38;5;188m1.2.0.Final&amp#27;[39m) started in &amp#27;[38;5;188m0.323&amp#27;[39ms. &amp#27;[38;5;188mListening on: http://0.0.0.0:8081&amp#27;[39m&amp#27;[39m&amp#27;[38;5;203m&amp#27;[39m&amp#27;[38;5;227m
&amp#27;[39m&amp#27;[38;5;145m11:20:13&amp#27;[39m&amp#27;[38;5;188m &amp#27;[39m&amp#27;[38;5;107mINFO &amp#27;[39m&amp#27;[38;5;188m [&amp#27;[39m&amp#27;[38;5;69mio.quarkus&amp#27;[39m&amp#27;[38;5;188m] (&amp#27;[39m&amp#27;[38;5;71mmain&amp#27;[39m&amp#27;[38;5;188m) &amp#27;[39m&amp#27;[38;5;151m&amp#27;[39mProfile &amp#27;[38;5;188mprod&amp#27;[39m activated. &amp#27;[38;5;188m&amp#27;[39m&amp#27;[39m&amp#27;[38;5;203m&amp#27;[39m&amp#27;[38;5;227m
&amp#27;[39m&amp#27;[38;5;145m11:20:13&amp#27;[39m&amp#27;[38;5;188m &amp#27;[39m&amp#27;[38;5;107mINFO &amp#27;[39m&amp#27;[38;5;188m [&amp#27;[39m&amp#27;[38;5;69mio.quarkus&amp#27;[39m&amp#27;[38;5;188m] (&amp#27;[39m&amp#27;[38;5;71mmain&amp#27;[39m&amp#27;[38;5;188m) &amp#27;[39m&amp#27;[38;5;151m&amp#27;[39mInstalled features: [&amp#27;[38;5;188magroal, cdi, hibernate-orm, hibernate-orm-panache, hibernate-validator, jdbc-postgresql, narayana-jta, resteasy, resteasy-jsonb, smallrye-health, smallrye-metrics, smallrye-openapi&amp#27;[39m]&amp#27;[39m&amp#27;[38;5;203m&amp#27;[39m&amp#27;[38;5;227m
&amp#27;[39m]]></system-out>
    <system-err><![CDATA[Jul 07, 2020 11:19:59 AM org.testcontainers.dockerclient.DockerClientProviderStrategy lambda$getFirstValidStrategy$1
INFO: Loaded org.testcontainers.dockerclient.UnixSocketClientProviderStrategy from ~/.testcontainers.properties, will try it first
Jul 07, 2020 11:20:01 AM org.testcontainers.dockerclient.UnixSocketClientProviderStrategy test
INFO: Accessing docker with local Unix socket
Jul 07, 2020 11:20:01 AM org.testcontainers.dockerclient.DockerClientProviderStrategy lambda$getFirstValidStrategy$2
INFO: Found Docker environment with local Unix socket (unix:///var/run/docker.sock)
Jul 07, 2020 11:20:02 AM org.testcontainers.DockerClientFactory client
INFO: Docker host IP address is localhost
Jul 07, 2020 11:20:02 AM org.testcontainers.DockerClientFactory client
INFO: Connected to docker: 
  Server Version: 19.03.5
  API Version: 1.40
  Operating System: Docker Desktop
  Total Memory: 3947 MB
Jul 07, 2020 11:20:05 AM org.testcontainers.DockerClientFactory client
INFO: Ryuk started - will monitor and terminate Testcontainers containers on JVM exit
Jul 07, 2020 11:20:05 AM org.testcontainers.containers.GenericContainer tryStart
INFO: Creating container for image: postgres:10.5
Jul 07, 2020 11:20:06 AM org.testcontainers.containers.GenericContainer tryStart
INFO: Starting container with ID: 5a13c0ed8c49e0735defd13e4975cedbcb6fb7ff494ef790d76237fb30dc8f20
Jul 07, 2020 11:20:07 AM org.testcontainers.containers.GenericContainer tryStart
INFO: Container postgres:10.5 is starting: 5a13c0ed8c49e0735defd13e4975cedbcb6fb7ff494ef790d76237fb30dc8f20
Jul 07, 2020 11:20:11 AM org.testcontainers.containers.GenericContainer tryStart
INFO: Container postgres:10.5 started in PT12.215006S
]]></system-err>
  </testcase>
  <testcase name="shouldAddAnItem" classname="io.quarkus.workshop.superheroes.hero.NativeHeroResourceIT" time="1.295">
    <failure message="1 expectation failed.&#10;JSON path level doesn&apos;t match.&#10;Expected: is &lt;42&gt;&#10;  Actual: 126&#10;" type="java.lang.AssertionError"><![CDATA[java.lang.AssertionError: 
1 expectation failed.
JSON path level doesn't match.
Expected: is <42>
  Actual: 126

]]></failure>
  </testcase>
  <testcase name="shouldUpdateAnItem" classname="io.quarkus.workshop.superheroes.hero.NativeHeroResourceIT" time="0.267">
    <failure message="expected: &lt;952&gt; but was: &lt;1&gt;" type="org.opentest4j.AssertionFailedError"><![CDATA[org.opentest4j.AssertionFailedError: expected: <952> but was: <1>
]]></failure>
  </testcase>
  <testcase name="shouldRemoveAnItem" classname="io.quarkus.workshop.superheroes.hero.NativeHeroResourceIT" time="0.091">
    <failure message="expected: &lt;951&gt; but was: &lt;0&gt;" type="org.opentest4j.AssertionFailedError"><![CDATA[org.opentest4j.AssertionFailedError: expected: <951> but was: <0>
]]></failure>
  </testcase>
  <testcase name="shouldPingSwaggerUI" classname="io.quarkus.workshop.superheroes.hero.NativeHeroResourceIT" time="0.047">
    <failure message="1 expectation failed.&#10;Expected status code &lt;200&gt; but was &lt;404&gt;.&#10;" type="java.lang.AssertionError"><![CDATA[java.lang.AssertionError: 
1 expectation failed.
Expected status code <200> but was <404>.

]]></failure>
  </testcase>
  <testcase name="shouldGetRandomHero" classname="io.quarkus.workshop.superheroes.hero.NativeHeroResourceIT" time="0.106">
    <failure message="1 expectation failed.&#10;Expected status code &lt;200&gt; but was &lt;500&gt;.&#10;" type="java.lang.AssertionError"><![CDATA[java.lang.AssertionError: 
1 expectation failed.
Expected status code <200> but was <500>.

]]></failure>
    <system-out><![CDATA[&amp#27;[38;5;145m11:20:18&amp#27;[39m&amp#27;[38;5;188m &amp#27;[39m&amp#27;[38;5;203mERROR&amp#27;[39m&amp#27;[38;5;188m [&amp#27;[39m&amp#27;[38;5;69mio.qu.ve.ht.ru.QuarkusErrorHandler&amp#27;[39m&amp#27;[38;5;188m] (&amp#27;[39m&amp#27;[38;5;71mexecutor-thread-1&amp#27;[39m&amp#27;[38;5;188m) &amp#27;[39m&amp#27;[38;5;151m&amp#27;[39mHTTP Request to &amp#27;[38;5;188m/api/heroes/random&amp#27;[39m failed, error id: &amp#27;[38;5;188mfc527c08-c070-4615-a4c1-a20fd8909546-1&amp#27;[39m&amp#27;[39m&amp#27;[38;5;203m: org.jboss.resteasy.spi.UnhandledException: java.lang.IllegalArgumentException: bound must be positive
	at org.jboss.resteasy.core.ExceptionHandler.handleApplicationException(ExceptionHandler.java:106)
	at org.jboss.resteasy.core.ExceptionHandler.handleException(ExceptionHandler.java:372)
	at org.jboss.resteasy.core.SynchronousDispatcher.writeException(SynchronousDispatcher.java:209)
	at org.jboss.resteasy.core.SynchronousDispatcher.invoke(SynchronousDispatcher.java:496)
	at org.jboss.resteasy.core.SynchronousDispatcher.lambda$invoke$4(SynchronousDispatcher.java:252)
	at org.jboss.resteasy.core.SynchronousDispatcher.lambda$preprocess$0(SynchronousDispatcher.java:153)
	at org.jboss.resteasy.core.interception.jaxrs.PreMatchContainerRequestContext.filter(PreMatchContainerRequestContext.java:363)
	at org.jboss.resteasy.core.SynchronousDispatcher.preprocess(SynchronousDispatcher.java:156)
	at org.jboss.resteasy.core.SynchronousDispatcher.invoke(SynchronousDispatcher.java:238)
	at io.quarkus.resteasy.runtime.standalone.RequestDispatcher.service(RequestDispatcher.java:73)
	at io.quarkus.resteasy.runtime.standalone.VertxRequestHandler.dispatch(VertxRequestHandler.java:120)
	at io.quarkus.resteasy.runtime.standalone.VertxRequestHandler.access$000(VertxRequestHandler.java:36)
	at io.quarkus.resteasy.runtime.standalone.VertxRequestHandler$1.run(VertxRequestHandler.java:85)
	at org.jboss.threads.ContextClassLoaderSavingRunnable.run(ContextClassLoaderSavingRunnable.java:35)
	at org.jboss.threads.EnhancedQueueExecutor.safeRun(EnhancedQueueExecutor.java:2011)
	at org.jboss.threads.EnhancedQueueExecutor$ThreadBody.doRunTask(EnhancedQueueExecutor.java:1535)
	at org.jboss.threads.EnhancedQueueExecutor$ThreadBody.run(EnhancedQueueExecutor.java:1426)
	at org.jboss.threads.DelegatingRunnable.run(DelegatingRunnable.java:29)
	at org.jboss.threads.ThreadLocalResettingRunnable.run(ThreadLocalResettingRunnable.java:29)
	at java.lang.Thread.run(Thread.java:834)
	at org.jboss.threads.JBossThread.run(JBossThread.java:479)
	at com.oracle.svm.core.thread.JavaThreads.threadStartRoutine(JavaThreads.java:517)
	at com.oracle.svm.core.posix.thread.PosixJavaThreads.pthreadStartRoutine(PosixJavaThreads.java:193)
Caused by: java.lang.IllegalArgumentException: bound must be positive
	at java.util.Random.nextInt(Random.java:388)
	at io.quarkus.workshop.superheroes.hero.Hero.findRandom(Hero.java:34)
	at io.quarkus.workshop.superheroes.hero.HeroService.findRandomHero(HeroService.java:35)
	at io.quarkus.workshop.superheroes.hero.HeroService_Subclass.findRandomHero$$superaccessor15(HeroService_Subclass.zig:159)
	at io.quarkus.workshop.superheroes.hero.HeroService_Subclass$$function$$15.apply(HeroService_Subclass$$function$$15.zig:47)
	at io.quarkus.arc.impl.AroundInvokeInvocationContext.proceed(AroundInvokeInvocationContext.java:54)
	at io.quarkus.narayana.jta.runtime.interceptor.TransactionalInterceptorBase.invokeInNoTx(TransactionalInterceptorBase.java:255)
	at io.quarkus.narayana.jta.runtime.interceptor.TransactionalInterceptorSupports.doIntercept(TransactionalInterceptorSupports.java:32)
	at io.quarkus.narayana.jta.runtime.interceptor.TransactionalInterceptorBase.intercept(TransactionalInterceptorBase.java:53)
	at io.quarkus.narayana.jta.runtime.interceptor.TransactionalInterceptorSupports.intercept(TransactionalInterceptorSupports.java:26)
	at io.quarkus.narayana.jta.runtime.interceptor.TransactionalInterceptorSupports_Bean.intercept(TransactionalInterceptorSupports_Bean.zig:222)
	at io.quarkus.arc.impl.InterceptorInvocation.invoke(InterceptorInvocation.java:41)
	at io.quarkus.arc.impl.AroundInvokeInvocationContext.perform(AroundInvokeInvocationContext.java:41)
	at io.quarkus.arc.impl.InvocationContexts.performAroundInvoke(InvocationContexts.java:32)
	at io.quarkus.workshop.superheroes.hero.HeroService_Subclass.findRandomHero(HeroService_Subclass.zig:420)
	at io.quarkus.workshop.superheroes.hero.HeroService_ClientProxy.findRandomHero(HeroService_ClientProxy.zig:343)
	at io.quarkus.workshop.superheroes.hero.HeroResource.getRandomHero(HeroResource.java:37)
	at java.lang.reflect.Method.invoke(Method.java:566)
	at org.jboss.resteasy.core.MethodInjectorImpl.invoke(MethodInjectorImpl.java:151)
	at org.jboss.resteasy.core.MethodInjectorImpl.lambda$invoke$3(MethodInjectorImpl.java:122)
	at java.util.concurrent.CompletableFuture.uniApplyNow(CompletableFuture.java:680)
	at java.util.concurrent.CompletableFuture.uniApplyStage(CompletableFuture.java:658)
	at java.util.concurrent.CompletableFuture.thenApply(CompletableFuture.java:2094)
	at java.util.concurrent.CompletableFuture.thenApply(CompletableFuture.java:143)
	at org.jboss.resteasy.core.MethodInjectorImpl.invoke(MethodInjectorImpl.java:122)
	at org.jboss.resteasy.core.ResourceMethodInvoker.internalInvokeOnTarget(ResourceMethodInvoker.java:594)
	at org.jboss.resteasy.core.ResourceMethodInvoker.invokeOnTargetAfterFilter(ResourceMethodInvoker.java:468)
	at org.jboss.resteasy.core.ResourceMethodInvoker.lambda$invokeOnTarget$2(ResourceMethodInvoker.java:421)
	at org.jboss.resteasy.core.interception.jaxrs.PreMatchContainerRequestContext.filter(PreMatchContainerRequestContext.java:363)
	at org.jboss.resteasy.core.ResourceMethodInvoker.invokeOnTarget(ResourceMethodInvoker.java:423)
	at org.jboss.resteasy.core.ResourceMethodInvoker.invoke(ResourceMethodInvoker.java:391)
	at org.jboss.resteasy.core.ResourceMethodInvoker.lambda$invoke$1(ResourceMethodInvoker.java:365)
	at java.util.concurrent.CompletableFuture.uniComposeStage(CompletableFuture.java:1106)
	at java.util.concurrent.CompletableFuture.thenCompose(CompletableFuture.java:2235)
	at java.util.concurrent.CompletableFuture.thenCompose(CompletableFuture.java:143)
	at org.jboss.resteasy.core.ResourceMethodInvoker.invoke(ResourceMethodInvoker.java:365)
	at org.jboss.resteasy.core.SynchronousDispatcher.invoke(SynchronousDispatcher.java:477)
	... 19 more
&amp#27;[39m&amp#27;[38;5;227m
&amp#27;[39m]]></system-out>
  </testcase>
  <testcase name="shouldNotAddInvalidItem" classname="io.quarkus.workshop.superheroes.hero.NativeHeroResourceIT" time="0"/>
  <testcase name="shouldNotGetUnknownHero" classname="io.quarkus.workshop.superheroes.hero.NativeHeroResourceIT" time="0.078"/>
  <testcase name="testHelloEndpoint" classname="io.quarkus.workshop.superheroes.hero.NativeHeroResourceIT" time="0.06"/>
  <testcase name="shouldPingOpenApi" classname="io.quarkus.workshop.superheroes.hero.NativeHeroResourceIT" time="0.032"/>
</testsuite>